Performing C SOURCE FILE Test CMAKE_HAVE_LIBC_PTHREAD failed with the following output:
Change Dir: /home/mathilde/EPITECH/TEK3/PROJECTS/CPP/BABEL/B-CPP-500-MPL-5-1-babel-yoan.vessiere/build/CMakeFiles/CMakeTmp

Run Build Command(s):/usr/bin/make cmTC_00cbd/fast && /usr/bin/make  -f CMakeFiles/cmTC_00cbd.dir/build.make CMakeFiles/cmTC_00cbd.dir/build
make[1]: Entering directory '/home/mathilde/EPITECH/TEK3/PROJECTS/CPP/BABEL/B-CPP-500-MPL-5-1-babel-yoan.vessiere/build/CMakeFiles/CMakeTmp'
Building C object CMakeFiles/cmTC_00cbd.dir/src.c.o
/usr/bin/cc   -DCMAKE_HAVE_LIBC_PTHREAD -o CMakeFiles/cmTC_00cbd.dir/src.c.o -c /home/mathilde/EPITECH/TEK3/PROJECTS/CPP/BABEL/B-CPP-500-MPL-5-1-babel-yoan.vessiere/build/CMakeFiles/CMakeTmp/src.c
Linking C executable cmTC_00cbd
/usr/local/bin/cmake -E cmake_link_script CMakeFiles/cmTC_00cbd.dir/link.txt --verbose=1
/usr/bin/cc    -DCMAKE_HAVE_LIBC_PTHREAD -rdynamic CMakeFiles/cmTC_00cbd.dir/src.c.o -o cmTC_00cbd 
CMakeFiles/cmTC_00cbd.dir/src.c.o: In function `main':
src.c:(.text+0x3e): undefined reference to `pthread_create'
src.c:(.text+0x4a): undefined reference to `pthread_detach'
src.c:(.text+0x56): undefined reference to `pthread_cancel'
src.c:(.text+0x67): undefined reference to `pthread_join'
src.c:(.text+0x7b): undefined reference to `pthread_atfork'
collect2: error: ld returned 1 exit status
CMakeFiles/cmTC_00cbd.dir/build.make:106: recipe for target 'cmTC_00cbd' failed
make[1]: *** [cmTC_00cbd] Error 1
make[1]: Leaving directory '/home/mathilde/EPITECH/TEK3/PROJECTS/CPP/BABEL/B-CPP-500-MPL-5-1-babel-yoan.vessiere/build/CMakeFiles/CMakeTmp'
Makefile:141: recipe for target 'cmTC_00cbd/fast' failed
make: *** [cmTC_00cbd/fast] Error 2


Source file was:
#include <pthread.h>

void* test_func(void* data)
{
  return data;
}

int main(void)
{
  pthread_t thread;
  pthread_create(&thread, NULL, test_func, NULL);
  pthread_detach(thread);
  pthread_cancel(thread);
  pthread_join(thread, NULL);
  pthread_atfork(NULL, NULL, NULL);
  pthread_exit(NULL);

  return 0;
}

Determining if the function pthread_create exists in the pthreads failed with the following output:
Change Dir: /home/mathilde/EPITECH/TEK3/PROJECTS/CPP/BABEL/B-CPP-500-MPL-5-1-babel-yoan.vessiere/build/CMakeFiles/CMakeTmp

Run Build Command(s):/usr/bin/make cmTC_16a03/fast && /usr/bin/make  -f CMakeFiles/cmTC_16a03.dir/build.make CMakeFiles/cmTC_16a03.dir/build
make[1]: Entering directory '/home/mathilde/EPITECH/TEK3/PROJECTS/CPP/BABEL/B-CPP-500-MPL-5-1-babel-yoan.vessiere/build/CMakeFiles/CMakeTmp'
Building C object CMakeFiles/cmTC_16a03.dir/CheckFunctionExists.c.o
/usr/bin/cc   -DCHECK_FUNCTION_EXISTS=pthread_create -o CMakeFiles/cmTC_16a03.dir/CheckFunctionExists.c.o -c /usr/local/share/cmake-3.17/Modules/CheckFunctionExists.c
Linking C executable cmTC_16a03
/usr/local/bin/cmake -E cmake_link_script CMakeFiles/cmTC_16a03.dir/link.txt --verbose=1
/usr/bin/cc    -DCHECK_FUNCTION_EXISTS=pthread_create -rdynamic CMakeFiles/cmTC_16a03.dir/CheckFunctionExists.c.o -o cmTC_16a03  -lpthreads 
/usr/bin/ld: cannot find -lpthreads
collect2: error: ld returned 1 exit status
CMakeFiles/cmTC_16a03.dir/build.make:106: recipe for target 'cmTC_16a03' failed
make[1]: *** [cmTC_16a03] Error 1
make[1]: Leaving directory '/home/mathilde/EPITECH/TEK3/PROJECTS/CPP/BABEL/B-CPP-500-MPL-5-1-babel-yoan.vessiere/build/CMakeFiles/CMakeTmp'
Makefile:141: recipe for target 'cmTC_16a03/fast' failed
make: *** [cmTC_16a03/fast] Error 2



